Using pre-set license
Built from '2020.2/release' branch; Version is '2020.2.1f1 (270dd8c3da1c) revision 2559448'; Using compiler version '192528614'; Build Type 'Release'
OS: 'Windows 10  (10.0.0) 64bit' Language: 'zh' Physical Memory: 8082 MB
BatchMode: 1, IsHumanControllingUs: 0, StartBugReporterOnCrash: 0, Is64bit: 1, IsPro: 0

 COMMAND LINE ARGUMENTS:
D:\Program Files\Unity\Editor\2020.2.1f1\Editor\Unity.exe
-adb2
-batchMode
-noUpm
-name
AssetImportWorker1
-projectPath
D:/Program Files/Unity/GAME3011_Assignment3
-logFile
Logs/AssetImportWorker1.log
-srvPort
50608
Successfully changed project path to: D:/Program Files/Unity/GAME3011_Assignment3
D:/Program Files/Unity/GAME3011_Assignment3
Using Asset Import Pipeline V2.
Refreshing native plugins compatible for Editor in 50.49 ms, found 1 plugins.
Preloading 0 native plugins for Editor in 0.00 ms.
Initialize engine version: 2020.2.1f1 (270dd8c3da1c)
[Subsystems] Discovering subsystems at path D:/Program Files/Unity/Editor/2020.2.1f1/Editor/Data/Resources/UnitySubsystems
[Subsystems] Discovering subsystems at path D:/Program Files/Unity/GAME3011_Assignment3/Assets
GfxDevice: creating device client; threaded=0
Direct3D:
    Version:  Direct3D 11.0 [level 11.1]
    Renderer: NVIDIA GeForce GTX 1060 (ID=0x1c20)
    Vendor:   
    VRAM:     6052 MB
    Driver:   27.21.14.6192
Initialize mono
Mono path[0] = 'D:/Program Files/Unity/Editor/2020.2.1f1/Editor/Data/Managed'
Mono path[1] = 'D:/Program Files/Unity/Editor/2020.2.1f1/Editor/Data/MonoBleedingEdge/lib/mono/unityjit'
Mono config path = 'D:/Program Files/Unity/Editor/2020.2.1f1/Editor/Data/MonoBleedingEdge/etc'
Using monoOptions --debugger-agent=transport=dt_socket,embedding=1,server=y,suspend=n,address=127.0.0.1:56108
Begin MonoManager ReloadAssembly
Registering precompiled unity dll's ...
Register platform support module: D:/Program Files/Unity/Editor/2020.2.1f1/Editor/Data/PlaybackEngines/WindowsStandaloneSupport/UnityEditor.WindowsStandalone.Extensions.dll
Registered in 0.002537 seconds.
Native extension for WindowsStandalone target not found
Refreshing native plugins compatible for Editor in 38.17 ms, found 1 plugins.
Preloading 0 native plugins for Editor in 0.00 ms.
Invoked RoslynAnalysisRunner static constructor.
RoslynAnalysisRunner will not be running.
RoslynAnalysisRunner has terminated.
Mono: successfully reloaded assembly
- Completed reload, in  1.127 seconds
Platform modules already initialized, skipping
Registering precompiled user dll's ...
Registered in 0.001092 seconds.
Begin MonoManager ReloadAssembly
Native extension for WindowsStandalone target not found
Refreshing native plugins compatible for Editor in 38.57 ms, found 1 plugins.
Preloading 0 native plugins for Editor in 0.00 ms.
Invoked RoslynAnalysisRunner static constructor.
RoslynAnalysisRunner will not be running.
RoslynAnalysisRunner has terminated.
Mono: successfully reloaded assembly
- Completed reload, in  2.799 seconds
Platform modules already initialized, skipping
========================================================================
Worker process is ready to serve import requests
Launched and connected shader compiler UnityShaderCompiler.exe after 0.14 seconds
Refreshing native plugins compatible for Editor in 0.34 ms, found 1 plugins.
Preloading 0 native plugins for Editor in 0.00 ms.
Unloading 1801 Unused Serialized files (Serialized files now loaded: 0)
System memory in use before: 84.0 MB.
System memory in use after: 84.0 MB.

Unloading 24 unused Assets to reduce memory usage. Loaded Objects now: 2243.
Total: 2.754700 ms (FindLiveObjects: 0.406700 ms CreateObjectMapping: 0.126300 ms MarkObjects: 2.069800 ms  DeleteObjects: 0.150200 ms)

========================================================================
Received Import Request.
  path: Assets/Scripts/LevelSelect.cs
  artifactKey: Guid(accf8d7479acc2645aae475fa26ea732) Importer(815301076,1909f56bfc062723c751e8b465ee728b)
Start importing Assets/Scripts/LevelSelect.cs using Guid(accf8d7479acc2645aae475fa26ea732) Importer(815301076,1909f56bfc062723c751e8b465ee728b)  -> (artifact id: 'f65fc7a8557eeef8f2367071281c5862') in 0.179709 seconds
  Import took 0.237324 seconds .

========================================================================
Received Import Request.
  Time since last request: 0.000469 seconds.
  path: Assets/Scripts/LevelObstacles.cs
  artifactKey: Guid(16a7e4b12606c604c863314ca698662d) Importer(815301076,1909f56bfc062723c751e8b465ee728b)
Start importing Assets/Scripts/LevelObstacles.cs using Guid(16a7e4b12606c604c863314ca698662d) Importer(815301076,1909f56bfc062723c751e8b465ee728b)  -> (artifact id: '3763d1863411b04f1c865a81b3080169') in 0.002540 seconds
  Import took 0.025833 seconds .

========================================================================
Received Import Request.
  Time since last request: 0.000864 seconds.
  path: Assets/Scripts/LevelMoves.cs
  artifactKey: Guid(2882ba06d8ae030409e0d4824cd381f6) Importer(815301076,1909f56bfc062723c751e8b465ee728b)
Start importing Assets/Scripts/LevelMoves.cs using Guid(2882ba06d8ae030409e0d4824cd381f6) Importer(815301076,1909f56bfc062723c751e8b465ee728b)  -> (artifact id: 'd4bf8934d026e829eef3803da0dfe88b') in 0.002156 seconds
  Import took 0.027820 seconds .

========================================================================
Received Import Request.
  Time since last request: 744.306173 seconds.
  path: Assets/Scripts/LevelMoves.cs
  artifactKey: Guid(2882ba06d8ae030409e0d4824cd381f6) Importer(815301076,1909f56bfc062723c751e8b465ee728b)
Start importing Assets/Scripts/LevelMoves.cs using Guid(2882ba06d8ae030409e0d4824cd381f6) Importer(815301076,1909f56bfc062723c751e8b465ee728b)  -> (artifact id: '6ca310794a1953a8f78125b08f1f2a64') in 0.003373 seconds
  Import took 0.078139 seconds .

========================================================================
Received Import Request.
  Time since last request: 0.269350 seconds.
  path: Assets/Scripts/LevelMoves.cs
  artifactKey: Guid(2882ba06d8ae030409e0d4824cd381f6) Importer(815301076,1909f56bfc062723c751e8b465ee728b)
Start importing Assets/Scripts/LevelMoves.cs using Guid(2882ba06d8ae030409e0d4824cd381f6) Importer(815301076,1909f56bfc062723c751e8b465ee728b)  -> (artifact id: '6ca310794a1953a8f78125b08f1f2a64') in 0.002731 seconds
  Import took 0.038939 seconds .

========================================================================
Received Prepare
Registering precompiled user dll's ...
Registered in 0.001021 seconds.
Begin MonoManager ReloadAssembly
Native extension for WindowsStandalone target not found
Refreshing native plugins compatible for Editor in 0.36 ms, found 1 plugins.
Preloading 0 native plugins for Editor in 0.00 ms.
Invoked RoslynAnalysisRunner static constructor.
RoslynAnalysisRunner will not be running.
RoslynAnalysisRunner has terminated.
Mono: successfully reloaded assembly
- Completed reload, in  0.897 seconds
Platform modules already initialized, skipping
Refreshing native plugins compatible for Editor in 0.37 ms, found 1 plugins.
Preloading 0 native plugins for Editor in 0.00 ms.
Unloading 1796 Unused Serialized files (Serialized files now loaded: 0)
System memory in use before: 84.1 MB.
System memory in use after: 84.1 MB.

Unloading 12 unused Assets to reduce memory usage. Loaded Objects now: 2246.
Total: 2.046400 ms (FindLiveObjects: 0.196400 ms CreateObjectMapping: 0.068400 ms MarkObjects: 1.681500 ms  DeleteObjects: 0.098600 ms)

========================================================================
Received Import Request.
  Time since last request: 77.506764 seconds.
  path: Assets/Scenes/Level 1.unity
  artifactKey: Guid(beb90339531ed2749ada4d2ffa20b608) Importer(815301076,1909f56bfc062723c751e8b465ee728b)
Start importing Assets/Scenes/Level 1.unity using Guid(beb90339531ed2749ada4d2ffa20b608) Importer(815301076,1909f56bfc062723c751e8b465ee728b)  -> (artifact id: '1c813af6ef7aec5c12a8d736d95c2bef') in 0.111008 seconds
  Import took 0.135485 seconds .

========================================================================
Received Import Request.
  Time since last request: 71.930279 seconds.
  path: Assets/Scenes/Level 3.unity
  artifactKey: Guid(e8f8a3cb9878da745b2dbf6f4cbf2b6d) Importer(815301076,1909f56bfc062723c751e8b465ee728b)
Start importing Assets/Scenes/Level 3.unity using Guid(e8f8a3cb9878da745b2dbf6f4cbf2b6d) Importer(815301076,1909f56bfc062723c751e8b465ee728b)  -> (artifact id: 'f3ac26b56a8076e79f802a91c629a189') in 0.336075 seconds
  Import took 0.353354 seconds .

========================================================================
Received Import Request.
  Time since last request: 233.103819 seconds.
  path: Assets/Scenes/Level 1.unity
  artifactKey: Guid(beb90339531ed2749ada4d2ffa20b608) Importer(815301076,1909f56bfc062723c751e8b465ee728b)
Start importing Assets/Scenes/Level 1.unity using Guid(beb90339531ed2749ada4d2ffa20b608) Importer(815301076,1909f56bfc062723c751e8b465ee728b)  -> (artifact id: '904944408ca59a01a965fff3668652a4') in 0.003073 seconds
  Import took 0.112879 seconds .

========================================================================
Received Import Request.
  Time since last request: 5.905034 seconds.
  path: Assets/Scenes/Level 2.unity
  artifactKey: Guid(4dd73620828b9a041b78965758cc791b) Importer(815301076,1909f56bfc062723c751e8b465ee728b)
Start importing Assets/Scenes/Level 2.unity using Guid(4dd73620828b9a041b78965758cc791b) Importer(815301076,1909f56bfc062723c751e8b465ee728b)  -> (artifact id: '63242f7a67cf2d5682091fb3f452a412') in 0.101506 seconds
  Import took 0.119428 seconds .

========================================================================
Received Prepare
Registering precompiled user dll's ...
Registered in 0.001320 seconds.
Begin MonoManager ReloadAssembly
Native extension for WindowsStandalone target not found
Refreshing native plugins compatible for Editor in 0.38 ms, found 1 plugins.
Preloading 0 native plugins for Editor in 0.00 ms.
Invoked RoslynAnalysisRunner static constructor.
RoslynAnalysisRunner will not be running.
RoslynAnalysisRunner has terminated.
Mono: successfully reloaded assembly
- Completed reload, in  0.903 seconds
Platform modules already initialized, skipping
Refreshing native plugins compatible for Editor in 0.48 ms, found 1 plugins.
Preloading 0 native plugins for Editor in 0.00 ms.
Unloading 1796 Unused Serialized files (Serialized files now loaded: 0)
System memory in use before: 84.2 MB.
System memory in use after: 84.2 MB.

Unloading 12 unused Assets to reduce memory usage. Loaded Objects now: 2249.
Total: 2.503000 ms (FindLiveObjects: 0.532800 ms CreateObjectMapping: 0.089300 ms MarkObjects: 1.780200 ms  DeleteObjects: 0.098900 ms)

========================================================================
Received Import Request.
  Time since last request: 12.144809 seconds.
  path: Assets/Scenes/Level 3.unity
  artifactKey: Guid(e8f8a3cb9878da745b2dbf6f4cbf2b6d) Importer(815301076,1909f56bfc062723c751e8b465ee728b)
Start importing Assets/Scenes/Level 3.unity using Guid(e8f8a3cb9878da745b2dbf6f4cbf2b6d) Importer(815301076,1909f56bfc062723c751e8b465ee728b)  -> (artifact id: 'bfdb4703b99fb3a68dcd9dc6c64d72a3') in 0.024245 seconds
  Import took 0.054646 seconds .

========================================================================
Received Prepare
Registering precompiled user dll's ...
Registered in 0.001275 seconds.
Begin MonoManager ReloadAssembly
Native extension for WindowsStandalone target not found
Refreshing native plugins compatible for Editor in 0.64 ms, found 1 plugins.
Preloading 0 native plugins for Editor in 0.00 ms.
Invoked RoslynAnalysisRunner static constructor.
RoslynAnalysisRunner will not be running.
RoslynAnalysisRunner has terminated.
Mono: successfully reloaded assembly
- Completed reload, in  0.908 seconds
Platform modules already initialized, skipping
Refreshing native plugins compatible for Editor in 0.84 ms, found 1 plugins.
Preloading 0 native plugins for Editor in 0.00 ms.
Unloading 1796 Unused Serialized files (Serialized files now loaded: 0)
System memory in use before: 84.3 MB.
System memory in use after: 84.3 MB.

Unloading 12 unused Assets to reduce memory usage. Loaded Objects now: 2252.
Total: 2.829100 ms (FindLiveObjects: 0.302300 ms CreateObjectMapping: 0.157400 ms MarkObjects: 2.265100 ms  DeleteObjects: 0.102700 ms)

========================================================================
Received Import Request.
  Time since last request: 93.977605 seconds.
  path: Assets/Scenes/Level 2.unity
  artifactKey: Guid(4dd73620828b9a041b78965758cc791b) Importer(815301076,1909f56bfc062723c751e8b465ee728b)
Start importing Assets/Scenes/Level 2.unity using Guid(4dd73620828b9a041b78965758cc791b) Importer(815301076,1909f56bfc062723c751e8b465ee728b)  -> (artifact id: 'e6fba45e6e3b8100cecee7b9673be191') in 0.016178 seconds
  Import took 0.129120 seconds .

========================================================================
Received Prepare
Registering precompiled user dll's ...
Registered in 0.001057 seconds.
Begin MonoManager ReloadAssembly
Native extension for WindowsStandalone target not found
Refreshing native plugins compatible for Editor in 0.34 ms, found 1 plugins.
Preloading 0 native plugins for Editor in 0.00 ms.
Invoked RoslynAnalysisRunner static constructor.
RoslynAnalysisRunner will not be running.
RoslynAnalysisRunner has terminated.
Mono: successfully reloaded assembly
- Completed reload, in  0.889 seconds
Platform modules already initialized, skipping
Refreshing native plugins compatible for Editor in 0.47 ms, found 1 plugins.
Preloading 0 native plugins for Editor in 0.00 ms.
Unloading 1796 Unused Serialized files (Serialized files now loaded: 0)
System memory in use before: 84.4 MB.
System memory in use after: 84.4 MB.

Unloading 12 unused Assets to reduce memory usage. Loaded Objects now: 2255.
Total: 3.243900 ms (FindLiveObjects: 0.730700 ms CreateObjectMapping: 0.192000 ms MarkObjects: 2.203400 ms  DeleteObjects: 0.114200 ms)

AssetImportWorkerClient::OnTransportError - code=2 error=End of file
